[www.3dscade.com/main.html]
[backblue.gif]
[fade.gif]
[index.html]
[ajax.googleapis.com/ajax/libs/jquery/1.4.4/jquery.min.js]
[www.3dscade.com/menus/mask-selected.png]
[www.3dscade.com/images/logo.png]
[www.3dscade.com/images/dotoff.png]
[www.3dscade.com/images/doton.png]
[www.3dscade.com/snake/index.html]
[www.3dscade.com/menus/mask-gray.png]
[www.3dscade.com/menus/snake.png]
[www.3dscade.com/menus/album.png]
[www.3dscade.com/terraintumbler/index.html]
[www.3dscade.com/menus/terraintumbler.png]
[www.3dscade.com/menus/platformer.png]
[www.3dscade.com/menus/comingsoon.png]
[www.3dscade.com/images/leftarrow.png]
[www.3dscade.com/images/rightarrow.png]
[pagead2.googlesyndication.com/pagead/f.txt]
[www.3dscade.com/main.html]
[www.3dscade.com/js/jquery.cycle.all.min.js]
[www.3dscade.com/snake/logo.png]
[www.3dscade.com/snake/demo1.png]
[www.3dscade.com/snake/demo2.png]
[www.3dscade.com/snake/demo3.png]
[www.3dscade.com/snake/pause.png]
[www.3dscade.com/snake/resume.png]
[www.3dscade.com/snake/menu.png]
[www.3dscade.com/snake/start.png]
[www.3dscade.com/snake/exit.png]
[www.3dscade.com/snake/index.html]
[www.3dscade.com/terraintumbler/graphics/level1.gif]
[www.3dscade.com/terraintumbler/graphics/level2.gif]
[www.3dscade.com/terraintumbler/graphics/level3.gif]
[www.3dscade.com/terraintumbler/graphics/level4.gif]
[www.3dscade.com/terraintumbler/graphics/title.gif]
[www.3dscade.com/terraintumbler/graphics/background2.gif]
[www.3dscade.com/terraintumbler/graphics/coin.gif]
[www.3dscade.com/terraintumbler/graphics/car.gif]
[www.3dscade.com/terraintumbler/graphics/wheel1.gif]
[www.3dscade.com/terraintumbler/graphics/wheel2.gif]
[www.3dscade.com/terraintumbler/index.html]
[www.3dscade.com/snake/jquery.cycle.all.min.js]
[www.3dscade.com/snake/life.png]
[www.3dscade.com/snake/snake.js]
[www.3dscade.com/terraintumbler/terraintumbler_physics.js]
[www.3dscade.com/album/index.html]
[www.3dscade.com/platformer/index.html]
